<?xml version="1.0" encoding="UTF-8"?>
<!-- Generated by org.testng.reporters.JUnitXMLReporter -->
<testsuite hostname="LAPTOP-VIVEK" ignored="0" name="Test" tests="9" failures="1" timestamp="04 Oct 2020 03:14:38 GMT" time="0.027" errors="0">
  <testcase name="Test1" time="0.0" classname="selenium.Testing1"/>
  <testcase name="Test1" time="0.0" classname="selenium.Testing1"/>
  <testcase name="Test2" time="0.0" classname="selenium.Testing1"/>
  <testcase name="Test3" time="0.0" classname="selenium.Testing1"/>
  <testcase name="Test4" time="0.0" classname="selenium.Testing2"/>
  <testcase name="Test5" time="0.001" classname="selenium.Testing2"/>
  <testcase name="homeTest" time="0.002" classname="selenium.Testing3">
    <failure type="java.lang.AssertionError" message="Verifying home element expected [true] but found [false]">
      <![CDATA[java.lang.AssertionError: Verifying home element expected [true] but found [false]
at selenium.Testing3.homeTest(Testing3.java:15)
... Removed 27 stack frames]]>
    </failure>
  </testcase> <!-- homeTest -->
  <testcase name="mainTest" time="0.0" classname="selenium.Testing3">
    <skipped/>
  </testcase> <!-- mainTest -->
  <testcase name="endTest" time="0.0" classname="selenium.Testing3">
    <skipped/>
  </testcase> <!-- endTest -->
</testsuite> <!-- Test -->
